Compiling the C compiler identification source file "CMakeCCompilerId.c" failed.
Compiler: /usr/bin/eosio-cc 
Build flags: ;-O3;
Id flags:  

The output was:
255
/usr/opt/eosio.cdt/1.7.0/bin/wasm-ld: error: fatal failure: contract with no actions and trying to create dispatcher


Compiling the CXX compiler identification source file "CMakeCXXCompilerId.cpp" failed.
Compiler: /usr/bin/eosio-cpp 
Build flags: ;-O3;
Id flags:  

The output was:
255
/usr/opt/eosio.cdt/1.7.0/bin/wasm-ld: error: fatal failure: contract with no actions and trying to create dispatcher


Detecting C compiler ABI info failed to compile with the following output:
Change Dir: /root/contracts/ownership/build/ownership/CMakeFiles/CMakeTmp

Run Build Command:"/usr/bin/make" "cmTC_4c25d/fast"
make[3]: Entering directory '/root/contracts/ownership/build/ownership/CMakeFiles/CMakeTmp'
/usr/bin/make -f CMakeFiles/cmTC_4c25d.dir/build.make CMakeFiles/cmTC_4c25d.dir/build
make[4]: Entering directory '/root/contracts/ownership/build/ownership/CMakeFiles/CMakeTmp'
Building C object CMakeFiles/cmTC_4c25d.dir/CMakeCCompilerABI.c.obj
/usr/bin/eosio-cc    -o CMakeFiles/cmTC_4c25d.dir/CMakeCCompilerABI.c.obj   -c /usr/share/cmake-3.10/Modules/CMakeCCompilerABI.c
Linking C executable cmTC_4c25d.wasm
/usr/bin/cmake -E cmake_link_script CMakeFiles/cmTC_4c25d.dir/link.txt --verbose=1
/usr/bin/eosio-ld  -v CMakeFiles/cmTC_4c25d.dir/CMakeCCompilerABI.c.obj -o cmTC_4c25d.wasm 
eosio-ld: Unknown command line argument '-v'.  Try: '/usr/bin/eosio-ld -help'
eosio-ld: Did you mean '-L'?
CMakeFiles/cmTC_4c25d.dir/build.make:97: recipe for target 'cmTC_4c25d.wasm' failed
make[4]: *** [cmTC_4c25d.wasm] Error 1
make[4]: Leaving directory '/root/contracts/ownership/build/ownership/CMakeFiles/CMakeTmp'
Makefile:126: recipe for target 'cmTC_4c25d/fast' failed
make[3]: *** [cmTC_4c25d/fast] Error 2
make[3]: Leaving directory '/root/contracts/ownership/build/ownership/CMakeFiles/CMakeTmp'



Detecting C [-std=c11] compiler features failed to compile with the following output:
Change Dir: /root/contracts/ownership/build/ownership/CMakeFiles/CMakeTmp

Run Build Command:"/usr/bin/make" "cmTC_8bc16/fast"
make[3]: Entering directory '/root/contracts/ownership/build/ownership/CMakeFiles/CMakeTmp'
/usr/bin/make -f CMakeFiles/cmTC_8bc16.dir/build.make CMakeFiles/cmTC_8bc16.dir/build
make[4]: Entering directory '/root/contracts/ownership/build/ownership/CMakeFiles/CMakeTmp'
Building C object CMakeFiles/cmTC_8bc16.dir/feature_tests.c.obj
/usr/bin/eosio-cc   -std=c11 -o CMakeFiles/cmTC_8bc16.dir/feature_tests.c.obj   -c /root/contracts/ownership/build/ownership/CMakeFiles/feature_tests.c
eosio-cc: Unknown command line argument '-std=c11'.  Try: '/usr/bin/eosio-cc -help'
eosio-cc: Did you mean '-w=c11'?
CMakeFiles/cmTC_8bc16.dir/build.make:65: recipe for target 'CMakeFiles/cmTC_8bc16.dir/feature_tests.c.obj' failed
make[4]: *** [CMakeFiles/cmTC_8bc16.dir/feature_tests.c.obj] Error 1
make[4]: Leaving directory '/root/contracts/ownership/build/ownership/CMakeFiles/CMakeTmp'
Makefile:126: recipe for target 'cmTC_8bc16/fast' failed
make[3]: *** [cmTC_8bc16/fast] Error 2
make[3]: Leaving directory '/root/contracts/ownership/build/ownership/CMakeFiles/CMakeTmp'



Detecting CXX compiler ABI info failed to compile with the following output:
Change Dir: /root/contracts/ownership/build/ownership/CMakeFiles/CMakeTmp

Run Build Command:"/usr/bin/make" "cmTC_38c59/fast"
make[3]: Entering directory '/root/contracts/ownership/build/ownership/CMakeFiles/CMakeTmp'
/usr/bin/make -f CMakeFiles/cmTC_38c59.dir/build.make CMakeFiles/cmTC_38c59.dir/build
make[4]: Entering directory '/root/contracts/ownership/build/ownership/CMakeFiles/CMakeTmp'
Building CXX object CMakeFiles/cmTC_38c59.dir/CMakeCXXCompilerABI.cpp.obj
/usr/bin/eosio-cpp     -o CMakeFiles/cmTC_38c59.dir/CMakeCXXCompilerABI.cpp.obj -c /usr/share/cmake-3.10/Modules/CMakeCXXCompilerABI.cpp
Linking CXX executable cmTC_38c59.wasm
/usr/bin/cmake -E cmake_link_script CMakeFiles/cmTC_38c59.dir/link.txt --verbose=1
/usr/bin/eosio-ld  -v CMakeFiles/cmTC_38c59.dir/CMakeCXXCompilerABI.cpp.obj -o cmTC_38c59.wasm 
eosio-ld: Unknown command line argument '-v'.  Try: '/usr/bin/eosio-ld -help'
eosio-ld: Did you mean '-L'?
CMakeFiles/cmTC_38c59.dir/build.make:97: recipe for target 'cmTC_38c59.wasm' failed
make[4]: *** [cmTC_38c59.wasm] Error 1
make[4]: Leaving directory '/root/contracts/ownership/build/ownership/CMakeFiles/CMakeTmp'
Makefile:126: recipe for target 'cmTC_38c59/fast' failed
make[3]: *** [cmTC_38c59/fast] Error 2
make[3]: Leaving directory '/root/contracts/ownership/build/ownership/CMakeFiles/CMakeTmp'



Detecting CXX [-std=c++1z] compiler features failed to compile with the following output:
Change Dir: /root/contracts/ownership/build/ownership/CMakeFiles/CMakeTmp

Run Build Command:"/usr/bin/make" "cmTC_355f7/fast"
make[3]: Entering directory '/root/contracts/ownership/build/ownership/CMakeFiles/CMakeTmp'
/usr/bin/make -f CMakeFiles/cmTC_355f7.dir/build.make CMakeFiles/cmTC_355f7.dir/build
make[4]: Entering directory '/root/contracts/ownership/build/ownership/CMakeFiles/CMakeTmp'
Building CXX object CMakeFiles/cmTC_355f7.dir/feature_tests.cxx.obj
/usr/bin/eosio-cpp    -std=c++1z -o CMakeFiles/cmTC_355f7.dir/feature_tests.cxx.obj -c /root/contracts/ownership/build/ownership/CMakeFiles/feature_tests.cxx
Linking CXX executable cmTC_355f7.wasm
/usr/bin/cmake -E cmake_link_script CMakeFiles/cmTC_355f7.dir/link.txt --verbose=1
/usr/bin/eosio-ld   CMakeFiles/cmTC_355f7.dir/feature_tests.cxx.obj -o cmTC_355f7.wasm 
/usr/opt/eosio.cdt/1.7.0/bin/wasm-ld: error: fatal failure: contract with no actions and trying to create dispatcher
CMakeFiles/cmTC_355f7.dir/build.make:97: recipe for target 'cmTC_355f7.wasm' failed
make[4]: *** [cmTC_355f7.wasm] Error 255
make[4]: Leaving directory '/root/contracts/ownership/build/ownership/CMakeFiles/CMakeTmp'
Makefile:126: recipe for target 'cmTC_355f7/fast' failed
make[3]: *** [cmTC_355f7/fast] Error 2
make[3]: Leaving directory '/root/contracts/ownership/build/ownership/CMakeFiles/CMakeTmp'



